c:\ryzensmarttuning\visual sudio\ryzensmarttuning\ryzensmarttuning\x64\debug\vc142.pdb
c:\ryzensmarttuning\visual sudio\ryzensmarttuning\ryzensmarttuning\x64\debug\vc142.idb
c:\ryzensmarttuning\visual sudio\ryzensmarttuning\ryzensmarttuning\x64\debug\ryzensmarttuning.obj
c:\ryzensmarttuning\visual sudio\ryzensmarttuning\x64\debug\ryzensmarttuning.pdb
c:\ryzensmarttuning\visual sudio\ryzensmarttuning\ryzensmarttuning\x64\debug\ryzensmarttuning.tlog\cl.command.1.tlog
c:\ryzensmarttuning\visual sudio\ryzensmarttuning\ryzensmarttuning\x64\debug\ryzensmarttuning.tlog\cl.read.1.tlog
c:\ryzensmarttuning\visual sudio\ryzensmarttuning\ryzensmarttuning\x64\debug\ryzensmarttuning.tlog\cl.write.1.tlog
c:\ryzensmarttuning\visual sudio\ryzensmarttuning\ryzensmarttuning\x64\debug\ryzensmarttuning.tlog\link-cvtres.read.1.tlog
c:\ryzensmarttuning\visual sudio\ryzensmarttuning\ryzensmarttuning\x64\debug\ryzensmarttuning.tlog\link-cvtres.write.1.tlog
c:\ryzensmarttuning\visual sudio\ryzensmarttuning\ryzensmarttuning\x64\debug\ryzensmarttuning.tlog\link-rc.read.1.tlog
c:\ryzensmarttuning\visual sudio\ryzensmarttuning\ryzensmarttuning\x64\debug\ryzensmarttuning.tlog\link-rc.write.1.tlog
c:\ryzensmarttuning\visual sudio\ryzensmarttuning\ryzensmarttuning\x64\debug\ryzensmarttuning.tlog\link.19608-cvtres.read.1.tlog
c:\ryzensmarttuning\visual sudio\ryzensmarttuning\ryzensmarttuning\x64\debug\ryzensmarttuning.tlog\link.19608-cvtres.write.1.tlog
c:\ryzensmarttuning\visual sudio\ryzensmarttuning\ryzensmarttuning\x64\debug\ryzensmarttuning.tlog\link.19608-rc.read.1.tlog
c:\ryzensmarttuning\visual sudio\ryzensmarttuning\ryzensmarttuning\x64\debug\ryzensmarttuning.tlog\link.19608-rc.write.1.tlog
c:\ryzensmarttuning\visual sudio\ryzensmarttuning\ryzensmarttuning\x64\debug\ryzensmarttuning.tlog\link.19608.read.1.tlog
c:\ryzensmarttuning\visual sudio\ryzensmarttuning\ryzensmarttuning\x64\debug\ryzensmarttuning.tlog\link.19608.write.1.tlog
c:\ryzensmarttuning\visual sudio\ryzensmarttuning\ryzensmarttuning\x64\debug\ryzensmarttuning.tlog\link.command.1.tlog
c:\ryzensmarttuning\visual sudio\ryzensmarttuning\ryzensmarttuning\x64\debug\ryzensmarttuning.tlog\link.read.1.tlog
c:\ryzensmarttuning\visual sudio\ryzensmarttuning\ryzensmarttuning\x64\debug\ryzensmarttuning.tlog\link.write.1.tlog
